<?xml version="1.0" encoding="UTF-8"?>
<!-- Generated by org.testng.reporters.JUnitReportReporter -->
<testsuite hostname="LAPTOP-9OO7C3NI" failures="0" tests="6" name="Actitime.LoginLogoutDemo" time="0.527" errors="0" timestamp="2021-09-17T09:25:43 IST" skipped="0">
  <testcase classname="Actitime.LoginLogoutDemo" name="launchBrowser" time="0.347"/>
  <system-out/>
  <testcase classname="Actitime.LoginLogoutDemo" name="navigate" time="0.024"/>
  <system-out/>
  <testcase classname="Actitime.LoginLogoutDemo" name="login" time="0.041"/>
  <system-out/>
  <testcase classname="Actitime.LoginLogoutDemo" name="login" time="0.059"/>
  <system-out/>
  <testcase classname="Actitime.LoginLogoutDemo" name="login" time="0.009"/>
  <system-out/>
  <testcase classname="Actitime.LoginLogoutDemo" name="closeApplication" time="0.047"/>
  <system-out/>
</testsuite> <!-- Actitime.LoginLogoutDemo -->
